<?xml version="1.0" encoding="UTF-8"?>
<!-- Generated by org.testng.reporters.JUnitXMLReporter -->
<testsuite hostname="rbikmukhametov-pc" ignored="0" tests="2" failures="0" timestamp="14 мая 2019 06:39:01 GMT" time="0.096" errors="0">
  <testcase name="@BeforeMethod beforeTest" time="0.066" classname="MainTest">
    <failure type="java.lang.IllegalStateException" message="The driver executable does not exist: D:\idea-workspace\testblock_tests\testblock-tests\chromedriver.exe">
      <![CDATA[java.lang.IllegalStateException: The driver executable does not exist: D:\idea-workspace\testblock_tests\testblock-tests\chromedriver.exe
at com.google.common.base.Preconditions.checkState(Preconditions.java:585)
at org.openqa.selenium.remote.service.DriverService.checkExecutable(DriverService.java:136)
at org.openqa.selenium.remote.service.DriverService.findExecutable(DriverService.java:131)
at org.openqa.selenium.chrome.ChromeDriverService.access$000(ChromeDriverService.java:32)
at org.openqa.selenium.chrome.ChromeDriverService$Builder.findDefaultExecutable(ChromeDriverService.java:137)
at org.openqa.selenium.remote.service.DriverService$Builder.build(DriverService.java:339)
at org.openqa.selenium.chrome.ChromeDriverService.createDefaultService(ChromeDriverService.java:88)
at org.openqa.selenium.chrome.ChromeDriver.<init>(ChromeDriver.java:123)
at MainTest.beforeTest(MainTest.java:17)
... Removed 37 stack frames]]>
    </failure>
  </testcase> <!-- @BeforeMethod beforeTest -->
  <testcase name="@BeforeMethod beforeTest" time="0.005" classname="MainTest">
    <failure type="java.lang.IllegalStateException" message="The driver executable does not exist: D:\idea-workspace\testblock_tests\testblock-tests\chromedriver.exe">
      <![CDATA[java.lang.IllegalStateException: The driver executable does not exist: D:\idea-workspace\testblock_tests\testblock-tests\chromedriver.exe
at com.google.common.base.Preconditions.checkState(Preconditions.java:585)
at org.openqa.selenium.remote.service.DriverService.checkExecutable(DriverService.java:136)
at org.openqa.selenium.remote.service.DriverService.findExecutable(DriverService.java:131)
at org.openqa.selenium.chrome.ChromeDriverService.access$000(ChromeDriverService.java:32)
at org.openqa.selenium.chrome.ChromeDriverService$Builder.findDefaultExecutable(ChromeDriverService.java:137)
at org.openqa.selenium.remote.service.DriverService$Builder.build(DriverService.java:339)
at org.openqa.selenium.chrome.ChromeDriverService.createDefaultService(ChromeDriverService.java:88)
at org.openqa.selenium.chrome.ChromeDriver.<init>(ChromeDriver.java:123)
at MainTest.beforeTest(MainTest.java:17)
... Removed 37 stack frames]]>
    </failure>
  </testcase> <!-- @BeforeMethod beforeTest -->
  <testcase name="testOpenPageGoogle" time="0.0" classname="MainTest">
    <skipped/>
  </testcase> <!-- testOpenPageGoogle -->
  <testcase name="testOpenPageYandex" time="0.0" classname="MainTest">
    <skipped/>
  </testcase> <!-- testOpenPageYandex -->
</testsuite>
